<?xml version="1.0" encoding="UTF-8"?>
<!-- Generated by org.testng.reporters.JUnitReportReporter -->
<testsuite hostname="Desktop-Monitor-2nd-Floor-Room3" failures="0" tests="1" name="basictest.UserModule" time="16.987" errors="0" timestamp="2024-06-18T20:29:49 IST" skipped="0">
  <testcase classname="basictest.UserModule" name="addUser" time="16.987"/>
  <system-out/>
</testsuite> <!-- basictest.UserModule -->
