<?xml version="1.0" encoding="UTF-8"?>
<!-- Generated by org.testng.reporters.JUnitReportReporter -->
<testsuite hostname="Desktop-Monitor-2nd-Floor-Room3" failures="0" tests="1" name="runner.RunnerClass" time="23.901" errors="0" timestamp="2024-06-19T20:20:32 IST" skipped="0">
  <testcase classname="runner.RunnerClass" name="runScenario" time="23.901"/>
  <system-out>
    <![CDATA[openBrowser
login
logout
closeBrowser]]>
  </system-out>
</testsuite> <!-- runner.RunnerClass -->
